Arguments: 
  C:\Program Files\nodejs\node.exe C:\Users\PuSung\AppData\Roaming\npm\node_modules\yarn\bin\yarn.js init

PATH: 
  C:\Program Files\Common Files\Oracle\Java\javapath;C:\gurobi951\win64\bin;C:\WINDOWS\system32;C:\WINDOWS;C:\WINDOWS\System32\Wbem;C:\WINDOWS\System32\WindowsPowerShell\v1.0\;C:\WINDOWS\System32\OpenSSH\;C:\Strawberry\c\bin;C:\Strawberry\perl\site\bin;C:\Strawberry\perl\bin;C:\Program Files\Git\cmd;C:\Program Files (x86)\Pulse Secure\VC142.CRT\X64\;C:\Program Files (x86)\Pulse Secure\VC142.CRT\X86\;C:\Program Files (x86)\Common Files\Pulse Secure\TNC Client Plugin\;JAVA_HOME;C:\Program Files\nodejs\;C:\Users\PuSung\AppData\Local\Programs\Python\Python310\Scripts\;C:\Users\PuSung\AppData\Local\Programs\Python\Python310\;C:\Users\PuSung\AppData\Local\Microsoft\WindowsApps;C:\Users\PuSung\AppData\Local\Programs\Microsoft VS Code\bin;C:\Users\PuSung\AppData\Local\Programs\MiKTeX\miktex\bin\x64\;C:\msys64\mingw64\bin;C:\Users\PuSung\AppData\Local\GitHubDesktop\bin;C:\Users\PuSung\AppData\Roaming\npm

Yarn version: 
  1.22.19

Node version: 
  16.16.0

Platform: 
  win32 x64

Trace: 
  Error: canceled
      at Interface.<anonymous> (C:\Users\PuSung\AppData\Roaming\npm\node_modules\yarn\lib\cli.js:137150:13)
      at Interface.emit (node:events:527:28)
      at Interface._ttyWrite (node:readline:1081:16)
      at ReadStream.onkeypress (node:readline:288:10)
      at ReadStream.emit (node:events:527:28)
      at emitKeys (node:internal/readline/utils:358:14)
      at emitKeys.next (<anonymous>)
      at ReadStream.onData (node:internal/readline/emitKeypressEvents:61:36)
      at ReadStream.emit (node:events:527:28)
      at addChunk (node:internal/streams/readable:315:12)

npm manifest: 
  {
    "dependencies": {
      "inquirer": "^9.1.4"
    }
  }

yarn manifest: 
  No manifest

Lockfile: 
  No lockfile
